<?xml version="1.0" encoding="UTF-8"?>
<testng-results ignored="0" total="1" passed="1" failed="0" skipped="0">
  <reporter-output>
  </reporter-output>
  <suite started-at="2023-01-09T04:34:57 GMT+02:00" name="Surefire suite" finished-at="2023-01-09T04:35:30 GMT+02:00" duration-ms="33116">
    <groups>
      <group name="cucumber">
        <method signature="AbstractTestNGCucumberTests.runScenario(io.cucumber.testng.PickleWrapper,io.cucumber.testng.FeatureWrapper)[pri:0, instance:org.example.testRunner.runners@3967e60c]" name="runScenario" class="io.cucumber.testng.AbstractTestNGCucumberTests"/>
      </group> <!-- cucumber -->
    </groups>
    <test started-at="2023-01-09T04:34:57 GMT+02:00" name="Surefire test" finished-at="2023-01-09T04:35:30 GMT+02:00" duration-ms="33116">
      <class name="org.example.testRunner.runners">
        <test-method is-config="true" signature="setUpClass(org.testng.ITestContext)[pri:0, instance:org.example.testRunner.runners@3967e60c]" started-at="2023-01-09T04:34:57 GMT+02:00" name="setUpClass" finished-at="2023-01-09T04:34:58 GMT+02:00" duration-ms="1098" status="PASS">
          <params>
            <param index="0">
              <value>
                <![CDATA[org.testng.TestRunner@157ec23b]]>
              </value>
            </param>
          </params>
          <reporter-output>
          </reporter-output>
        </test-method> <!-- setUpClass -->
        <test-method signature="runScenario(io.cucumber.testng.PickleWrapper,io.cucumber.testng.FeatureWrapper)[pri:0, instance:org.example.testRunner.runners@3967e60c]" started-at="2023-01-09T04:34:58 GMT+02:00" name="runScenario" description="Runs Cucumber Scenarios" data-provider="scenarios" finished-at="2023-01-09T04:35:29 GMT+02:00" duration-ms="31186" status="PASS">
          <params>
            <param index="0">
              <value>
                <![CDATA["guest user could register with valid data successfully"]]>
              </value>
            </param>
            <param index="1">
              <value>
                <![CDATA["F01_Register | users could register with new accounts"]]>
              </value>
            </param>
          </params>
          <reporter-output>
          </reporter-output>
        </test-method> <!-- runScenario -->
        <test-method is-config="true" signature="tearDownClass()[pri:0, instance:org.example.testRunner.runners@3967e60c]" started-at="2023-01-09T04:35:29 GMT+02:00" name="tearDownClass" finished-at="2023-01-09T04:35:30 GMT+02:00" duration-ms="718" status="PASS">
          <reporter-output>
          </reporter-output>
        </test-method> <!-- tearDownClass -->
      </class> <!-- org.example.testRunner.runners -->
    </test> <!-- Surefire test -->
  </suite> <!-- Surefire suite -->
</testng-results>
